\BOOKMARK [0][-]{chapter.1}{\376\377\000I\000n\000t\000r\000o\000d\000u\000c\000t\000i\000o\000n}{}% 1
\BOOKMARK [0][-]{chapter.2}{\376\377\000P\000r\000e\000r\000e\000q\000u\000i\000s\000i\000t\000e\000\040\000K\000n\000o\000w\000l\000e\000d\000g\000e}{}% 2
\BOOKMARK [1][-]{section.2.1}{\376\377\000W\000e\000a\000k\000\040\000T\000o\000p\000o\000l\000o\000g\000i\000e\000s\000\040\000A\000n\000d\000\040\000D\000u\000a\000l\000\040\000S\000p\000a\000c\000e\000s\000\040\000O\000f\000\040\000S\000e\000m\000i\000n\000o\000r\000m\000e\000d\000\040\000S\000p\000a\000c\000e\000s}{chapter.2}% 3
\BOOKMARK [2][-]{subsection.2.1.1}{\376\377\000B\000a\000s\000i\000c\000s}{section.2.1}% 4
\BOOKMARK [2][-]{subsection.2.1.2}{\376\377\000R\000e\000l\000a\000t\000i\000o\000n\000s\000\040\000a\000n\000d\000\040\000O\000r\000d\000e\000r\000i\000n\000g\000s}{section.2.1}% 5
\BOOKMARK [2][-]{subsection.2.1.3}{\376\377\000N\000e\000t\000s}{section.2.1}% 6
\BOOKMARK [2][-]{subsection.2.1.4}{\376\377\000F\000i\000l\000t\000e\000r\000s}{section.2.1}% 7
\BOOKMARK [2][-]{subsection.2.1.5}{\376\377\000P\000o\000i\000n\000t\000\040\000S\000e\000t\000\040\000T\000o\000p\000o\000l\000o\000g\000y}{section.2.1}% 8
\BOOKMARK [2][-]{subsection.2.1.6}{\376\377\000N\000e\000i\000g\000h\000b\000o\000r\000h\000o\000o\000d\000\040\000F\000i\000l\000t\000e\000r\000\040\000O\000f\000\040\000A\000\040\000P\000o\000i\000n\000t}{section.2.1}% 9
\BOOKMARK [2][-]{subsection.2.1.7}{\376\377\000E\000q\000u\000i\000v\000a\000l\000e\000n\000c\000e\000\040\000R\000e\000l\000a\000t\000i\000o\000n\000s\000,\000\040\000Q\000u\000o\000t\000i\000e\000n\000t\000\040\000S\000e\000t\000s\000,\000\040\000a\000n\000d\000\040\000Q\000u\000o\000t\000i\000e\000n\000t\000\040\000M\000a\000p\000s}{section.2.1}% 10
\BOOKMARK [2][-]{subsection.2.1.8}{\376\377\000Q\000u\000o\000t\000i\000e\000n\000t\000\040\000S\000p\000a\000c\000e\000\040\000T\000o\000p\000o\000l\000o\000g\000y}{section.2.1}% 11
\BOOKMARK [2][-]{subsection.2.1.9}{\376\377\000W\000e\000a\000k\000\040\000T\000o\000p\000o\000l\000o\000g\000i\000e\000s}{section.2.1}% 12
\BOOKMARK [2][-]{subsection.2.1.10}{\376\377\000A\000l\000g\000e\000b\000r\000a\000i\000c\000\040\000S\000t\000r\000u\000c\000t\000u\000r\000e\000s}{section.2.1}% 13
\BOOKMARK [2][-]{subsection.2.1.11}{\376\377\000T\000o\000p\000o\000l\000o\000g\000i\000c\000a\000l\000\040\000A\000l\000g\000e\000b\000r\000a}{section.2.1}% 14
\BOOKMARK [2][-]{subsection.2.1.12}{\376\377\000V\000e\000c\000t\000o\000r\000\040\000S\000p\000a\000c\000e\000s}{section.2.1}% 15
\BOOKMARK [2][-]{subsection.2.1.13}{\376\377\000P\000s\000e\000u\000d\000o\000m\000e\000t\000r\000i\000c\000s}{section.2.1}% 16
\BOOKMARK [2][-]{subsection.2.1.14}{\376\377\000T\000o\000p\000o\000l\000o\000g\000i\000c\000a\000l\000\040\000V\000e\000c\000t\000o\000r\000\040\000S\000p\000a\000c\000e\000s}{section.2.1}% 17
\BOOKMARK [2][-]{subsection.2.1.15}{\376\377\000S\000e\000m\000i\000n\000o\000r\000m\000e\000d\000\040\000S\000p\000a\000c\000e\000s}{section.2.1}% 18
\BOOKMARK [1][-]{section.2.2}{\376\377\000C\000l\000a\000s\000s\000i\000c\000a\000l\000\040\000R\000e\000s\000u\000l\000t\000s\000\040\000W\000i\000t\000h\000\040\000A\000\040\000T\000w\000i\000s\000t}{chapter.2}% 19
\BOOKMARK [2][-]{subsection.2.2.1}{\376\377\000H\000e\000l\000l\000y}{section.2.2}% 20
\BOOKMARK [2][-]{subsection.2.2.2}{\376\377\000G\000o\000l\000d\000s\000t\000i\000n\000e}{section.2.2}% 21
\BOOKMARK [2][-]{subsection.2.2.3}{\376\377\000B\000a\000n\000a\000c\000h\000\040\000A\000l\000a\000o\000g\000l\000u}{section.2.2}% 22
\BOOKMARK [2][-]{subsection.2.2.4}{\376\377\000E\000b\000e\000r\000l\000e\000i\000n\000-\000S\000m\000u\000l\000i\000a\000n}{section.2.2}% 23
\BOOKMARK [2][-]{subsection.2.2.5}{\376\377\000B\000i\000s\000h\000o\000p\000-\000P\000h\000e\000l\000p\000s}{section.2.2}% 24
\BOOKMARK [1][-]{section.2.3}{\376\377\000R\000e\000f\000l\000e\000x\000i\000v\000i\000t\000y}{chapter.2}% 25
\BOOKMARK [2][-]{subsection.2.3.1}{\376\377\000J\000a\000m\000e\000s}{section.2.3}% 26
\BOOKMARK [2][-]{subsection.2.3.2}{\376\377\000L\000i\000n\000d\000e\000n\000s\000t\000r\000a\000u\000s\000s\000\040\000O\000n\000\040\000N\000o\000n\000s\000e\000p\000a\000r\000a\000b\000l\000e\000\040\000R\000e\000f\000l\000e\000x\000i\000v\000e\000\040\000B\000a\000n\000a\000c\000h\000\040\000S\000p\000a\000c\000e\000s}{section.2.3}% 27
\BOOKMARK [1][-]{section.2.4}{\376\377\000C\000o\000n\000v\000e\000x\000i\000t\000y\000\040\000O\000f\000\040\000F\000u\000n\000c\000t\000i\000o\000n\000s\000\040\000A\000n\000d\000\040\000S\000e\000t\000s}{chapter.2}% 28
\BOOKMARK [1][-]{section.2.5}{\376\377\000D\000i\000f\000f\000e\000r\000e\000n\000t\000i\000a\000t\000i\000o\000n\000\040\000A\000n\000d\000\040\000S\000u\000b\000D\000i\000f\000f\000e\000r\000e\000n\000t\000i\000a\000l\000s}{chapter.2}% 29
\BOOKMARK [1][-]{section.2.6}{\376\377\000N\000o\000r\000m\000a\000l\000i\000z\000e\000d\000\040\000D\000u\000a\000l\000i\000t\000y\000\040\000M\000a\000p\000p\000i\000n\000g}{chapter.2}% 30
\BOOKMARK [1][-]{section.2.7}{\376\377\000O\000r\000t\000h\000o\000g\000o\000n\000a\000l\000i\000t\000y}{chapter.2}% 31
\BOOKMARK [1][-]{section.2.8}{\376\377\000C\000o\000n\000v\000e\000x\000i\000t\000y\000\040\000O\000f\000\040\000A\000\040\000S\000p\000a\000c\000e}{chapter.2}% 32
\BOOKMARK [1][-]{section.2.9}{\376\377\000S\000m\000o\000o\000t\000h\000n\000e\000s\000s\000\040\000O\000f\000\040\000A\000\040\000S\000p\000a\000c\000e}{chapter.2}% 33
\BOOKMARK [0][-]{chapter.3}{\376\377\000S\000m\000o\000o\000t\000h\000n\000e\000s\000s\000\040\000A\000n\000d\000\040\000C\000o\000n\000v\000e\000x\000i\000t\000y}{}% 34
\BOOKMARK [1][-]{section.3.1}{\376\377\000C\000o\000n\000v\000e\000x\000i\000t\000y\000\040\000A\000n\000d\000\040\000S\000m\000o\000o\000t\000h\000n\000e\000s\000s\000\040\000O\000f\000\040\000A\000\040\000S\000p\000a\000c\000e}{chapter.3}% 35
\BOOKMARK [1][-]{section.3.2}{\376\377\000C\000o\000n\000v\000e\000x\000i\000t\000y\000,\000\040\000S\000m\000o\000o\000t\000h\000n\000e\000s\000s\000,\000\040\000a\000n\000d\000\040\000H\000i\000g\000h\000\040\000O\000r\000d\000e\000r\000\040\000D\000u\000a\000l\000s}{chapter.3}% 36
\BOOKMARK [0][-]{chapter.4}{\376\377\000R\000e\000n\000o\000r\000m\000i\000n\000g\000\040\000T\000h\000e\000o\000r\000y\000\040\000\050\000I\000n\000c\000l\000u\000d\000i\000n\000g\000\040\000R\000e\000s\000u\000l\000t\000s\000\040\000a\000b\000o\000u\000t\000\040\000W\000C\000G\000\040\000S\000p\000a\000c\000e\000s\000\051}{}% 37
\BOOKMARK [1][-]{section.4.1}{\376\377\000R\000e\000p\000r\000e\000s\000e\000n\000t\000a\000t\000i\000o\000n\000s\000\040\000O\000f\000\040\000R\000e\000f\000l\000e\000x\000i\000v\000e\000\040\000S\000p\000a\000c\000e\000s}{chapter.4}% 38
\BOOKMARK [1][-]{section.4.2}{\376\377\000L\000o\000c\000a\000l\000\040\000U\000n\000i\000f\000o\000r\000m\000\040\000C\000o\000n\000v\000e\000x\000a\000f\000i\000a\000b\000i\000l\000i\000t\000y\000\040\000O\000f\000\040\000R\000e\000f\000l\000e\000x\000i\000v\000e\000\040\000S\000p\000a\000c\000e\000s}{chapter.4}% 39
\BOOKMARK [0][-]{chapter.5}{\376\377\000C\000o\000n\000v\000e\000x\000i\000t\000y\000\040\000A\000n\000d\000\040\000F\000i\000x\000e\000d\000\040\000P\000o\000i\000n\000t\000\040\000T\000h\000e\000o\000r\000y}{}% 40
