This is pdfTeX, Version 3.141592653-2.6-1.40.25 (MiKTeX 23.10) (preloaded format=pdflatex 2024.1.22)  17 DEC 2024 04:31
entering extended mode
 restricted \write18 enabled.
 %&-line parsing enabled.
**./thesis.tex
(thesis.tex
LaTeX2e <2023-06-01> patch level 1
L3 programming layer <2023-08-29>
(C:\Users\User\AppData\Local\Programs\MiKTeX\tex/latex/base\book.cls
Document Class: book 2023/05/17 v1.4n Standard LaTeX document class
(C:\Users\User\AppData\Local\Programs\MiKTeX\tex/latex/base\bk12.clo
File: bk12.clo 2023/05/17 v1.4n Standard LaTeX file (size option)
)
\c@part=\count185
\c@chapter=\count186
\c@section=\count187
\c@subsection=\count188
\c@subsubsection=\count189
\c@paragraph=\count190
\c@subparagraph=\count191
\c@figure=\count192
\c@table=\count193
\abovecaptionskip=\skip48
\belowcaptionskip=\skip49
\bibindent=\dimen140
)
(C:\Users\User\AppData\Local\Programs\MiKTeX\tex/latex/amsmath\amsmath.sty
Package: amsmath 2023/05/13 v2.17o AMS math features
\@mathmargin=\skip50

For additional information on amsmath, use the `?' option.
(C:\Users\User\AppData\Local\Programs\MiKTeX\tex/latex/amsmath\amstext.sty
Package: amstext 2021/08/26 v2.01 AMS text

(C:\Users\User\AppData\Local\Programs\MiKTeX\tex/latex/amsmath\amsgen.sty
File: amsgen.sty 1999/11/30 v2.0 generic functions
\@emptytoks=\toks17
\ex@=\dimen141
))
(C:\Users\User\AppData\Local\Programs\MiKTeX\tex/latex/amsmath\amsbsy.sty
Package: amsbsy 1999/11/29 v1.2d Bold Symbols
\pmbraise@=\dimen142
)
(C:\Users\User\AppData\Local\Programs\MiKTeX\tex/latex/amsmath\amsopn.sty
Package: amsopn 2022/04/08 v2.04 operator names
)
\inf@bad=\count194
LaTeX Info: Redefining \frac on input line 234.
\uproot@=\count195
\leftroot@=\count196
LaTeX Info: Redefining \overline on input line 399.
LaTeX Info: Redefining \colon on input line 410.
\classnum@=\count197
\DOTSCASE@=\count198
LaTeX Info: Redefining \ldots on input line 496.
LaTeX Info: Redefining \dots on input line 499.
LaTeX Info: Redefining \cdots on input line 620.
\Mathstrutbox@=\box51
\strutbox@=\box52
LaTeX Info: Redefining \big on input line 722.
LaTeX Info: Redefining \Big on input line 723.
LaTeX Info: Redefining \bigg on input line 724.
LaTeX Info: Redefining \Bigg on input line 725.
\big@size=\dimen143
LaTeX Font Info:    Redeclaring font encoding OML on input line 743.
LaTeX Font Info:    Redeclaring font encoding OMS on input line 744.
\macc@depth=\count199
LaTeX Info: Redefining \bmod on input line 905.
LaTeX Info: Redefining \pmod on input line 910.
LaTeX Info: Redefining \smash on input line 940.
LaTeX Info: Redefining \relbar on input line 970.
LaTeX Info: Redefining \Relbar on input line 971.
\c@MaxMatrixCols=\count266
\dotsspace@=\muskip16
\c@parentequation=\count267
\dspbrk@lvl=\count268
\tag@help=\toks18
\row@=\count269
\column@=\count270
\maxfields@=\count271
\andhelp@=\toks19
\eqnshift@=\dimen144
\alignsep@=\dimen145
\tagshift@=\dimen146
\tagwidth@=\dimen147
\totwidth@=\dimen148
\lineht@=\dimen149
\@envbody=\toks20
\multlinegap=\skip51
\multlinetaggap=\skip52
\mathdisplay@stack=\toks21
LaTeX Info: Redefining \[ on input line 2953.
LaTeX Info: Redefining \] on input line 2954.
)
(C:\Users\User\AppData\Local\Programs\MiKTeX\tex/latex/amscls\amsthm.sty
Package: amsthm 2020/05/29 v2.20.6
\thm@style=\toks22
\thm@bodyfont=\toks23
\thm@headfont=\toks24
\thm@notefont=\toks25
\thm@headpunct=\toks26
\thm@preskip=\skip53
\thm@postskip=\skip54
\thm@headsep=\skip55
\dth@everypar=\toks27
)
(C:\Users\User\AppData\Local\Programs\MiKTeX\tex/latex/amsfonts\amsfonts.sty
Package: amsfonts 2013/01/14 v3.01 Basic AMSFonts support
\symAMSa=\mathgroup4
\symAMSb=\mathgroup5
LaTeX Font Info:    Redeclaring math symbol \hbar on input line 98.
LaTeX Font Info:    Overwriting math alphabet `\mathfrak' in version `bold'
(Font)                  U/euf/m/n --> U/euf/b/n on input line 106.
)
(C:\Users\User\AppData\Local\Programs\MiKTeX\tex/latex/amsfonts\amssymb.sty
Package: amssymb 2013/01/14 v3.01 AMS font symbols
)
(C:\Users\User\AppData\Local\Programs\MiKTeX\tex/latex/geometry\geometry.sty
Package: geometry 2020/01/02 v5.9 Page Geometry

(C:\Users\User\AppData\Local\Programs\MiKTeX\tex/latex/graphics\keyval.sty
Package: keyval 2022/05/29 v1.15 key=value parser (DPC)
\KV@toks@=\toks28
)
(C:\Users\User\AppData\Local\Programs\MiKTeX\tex/generic/iftex\ifvtex.sty
Package: ifvtex 2019/10/25 v1.7 ifvtex legacy package. Use iftex instead.

(C:\Users\User\AppData\Local\Programs\MiKTeX\tex/generic/iftex\iftex.sty
Package: iftex 2022/02/03 v1.0f TeX engine tests
))
\Gm@cnth=\count272
\Gm@cntv=\count273
\c@Gm@tempcnt=\count274
\Gm@bindingoffset=\dimen150
\Gm@wd@mp=\dimen151
\Gm@odd@mp=\dimen152
\Gm@even@mp=\dimen153
\Gm@layoutwidth=\dimen154
\Gm@layoutheight=\dimen155
\Gm@layouthoffset=\dimen156
\Gm@layoutvoffset=\dimen157
\Gm@dimlist=\toks29

(C:\Users\User\AppData\Local\Programs\MiKTeX\tex/latex/geometry\geometry.cfg))
(C:\Users\User\AppData\Local\Programs\MiKTeX\tex/latex/mathtools\mathtools.sty
Package: mathtools 2022/06/29 v1.29 mathematical typesetting tools

(C:\Users\User\AppData\Local\Programs\MiKTeX\tex/latex/tools\calc.sty
Package: calc 2017/05/25 v4.3 Infix arithmetic (KKT,FJ)
\calc@Acount=\count275
\calc@Bcount=\count276
\calc@Adimen=\dimen158
\calc@Bdimen=\dimen159
\calc@Askip=\skip56
\calc@Bskip=\skip57
LaTeX Info: Redefining \setlength on input line 80.
LaTeX Info: Redefining \addtolength on input line 81.
\calc@Ccount=\count277
\calc@Cskip=\skip58
)
(C:\Users\User\AppData\Local\Programs\MiKTeX\tex/latex/mathtools\mhsetup.sty
Package: mhsetup 2021/03/18 v1.4 programming setup (MH)
)
\g_MT_multlinerow_int=\count278
\l_MT_multwidth_dim=\dimen160
\origjot=\skip59
\l_MT_shortvdotswithinadjustabove_dim=\dimen161
\l_MT_shortvdotswithinadjustbelow_dim=\dimen162
\l_MT_above_intertext_sep=\dimen163
\l_MT_below_intertext_sep=\dimen164
\l_MT_above_shortintertext_sep=\dimen165
\l_MT_below_shortintertext_sep=\dimen166
\xmathstrut@box=\box53
\xmathstrut@dim=\dimen167
)
(C:\Users\User\AppData\Local\Programs\MiKTeX\tex/latex/base\inputenc.sty
Package: inputenc 2021/02/14 v1.3d Input encoding file
\inpenc@prehook=\toks30
\inpenc@posthook=\toks31
)
(C:\Users\User\AppData\Local\Programs\MiKTeX\tex/latex/enumitem\enumitem.sty
Package: enumitem 2019/06/20 v3.9 Customized lists
\labelindent=\skip60
\enit@outerparindent=\dimen168
\enit@toks=\toks32
\enit@inbox=\box54
\enit@count@id=\count279
\enitdp@description=\count280
)
(C:\Users\User\AppData\Local\Programs\MiKTeX\tex/latex/hyperref\hyperref.sty
Package: hyperref 2023-07-08 v7.01b Hypertext links for LaTeX

(C:\Users\User\AppData\Local\Programs\MiKTeX\tex/generic/ltxcmds\ltxcmds.sty
Package: ltxcmds 2023-12-04 v1.26 LaTeX kernel commands for general use (HO)
)
(C:\Users\User\AppData\Local\Programs\MiKTeX\tex/generic/pdftexcmds\pdftexcmds.
sty
Package: pdftexcmds 2020-06-27 v0.33 Utility functions of pdfTeX for LuaTeX (HO
)

(C:\Users\User\AppData\Local\Programs\MiKTeX\tex/generic/infwarerr\infwarerr.st
y
Package: infwarerr 2019/12/03 v1.5 Providing info/warning/error messages (HO)
)
Package pdftexcmds Info: \pdf@primitive is available.
Package pdftexcmds Info: \pdf@ifprimitive is available.
Package pdftexcmds Info: \pdfdraftmode found.
)
(C:\Users\User\AppData\Local\Programs\MiKTeX\tex/latex/kvsetkeys\kvsetkeys.sty
Package: kvsetkeys 2022-10-05 v1.19 Key value parser (HO)
)
(C:\Users\User\AppData\Local\Programs\MiKTeX\tex/generic/kvdefinekeys\kvdefinek
eys.sty
Package: kvdefinekeys 2019-12-19 v1.6 Define keys (HO)
)
(C:\Users\User\AppData\Local\Programs\MiKTeX\tex/generic/pdfescape\pdfescape.st
y
Package: pdfescape 2019/12/09 v1.15 Implements pdfTeX's escape features (HO)
) (C:\Users\User\AppData\Local\Programs\MiKTeX\tex/latex/hycolor\hycolor.sty
Package: hycolor 2020-01-27 v1.10 Color options for hyperref/bookmark (HO)
)
(C:\Users\User\AppData\Local\Programs\MiKTeX\tex/latex/letltxmacro\letltxmacro.
sty
Package: letltxmacro 2019/12/03 v1.6 Let assignment for LaTeX macros (HO)
) (C:\Users\User\AppData\Local\Programs\MiKTeX\tex/latex/auxhook\auxhook.sty
Package: auxhook 2019-12-17 v1.6 Hooks for auxiliary files (HO)
) (C:\Users\User\AppData\Local\Programs\MiKTeX\tex/latex/hyperref\nameref.sty
Package: nameref 2023-08-07 v2.53 Cross-referencing by name of section

(C:\Users\User\AppData\Local\Programs\MiKTeX\tex/latex/refcount\refcount.sty
Package: refcount 2019/12/15 v3.6 Data extraction from label references (HO)
)
(C:\Users\User\AppData\Local\Programs\MiKTeX\tex/generic/gettitlestring\gettitl
estring.sty
Package: gettitlestring 2019/12/15 v1.6 Cleanup title references (HO)

(C:\Users\User\AppData\Local\Programs\MiKTeX\tex/latex/kvoptions\kvoptions.sty
Package: kvoptions 2022-06-15 v3.15 Key value format for package options (HO)
))
\c@section@level=\count281
) (C:\Users\User\AppData\Local\Programs\MiKTeX\tex/latex/etoolbox\etoolbox.sty
Package: etoolbox 2020/10/05 v2.5k e-TeX tools for LaTeX (JAW)
\etb@tempcnta=\count282
)
\@linkdim=\dimen169
\Hy@linkcounter=\count283
\Hy@pagecounter=\count284
 (C:\Users\User\AppData\Local\Programs\MiKTeX\tex/latex/hyperref\pd1enc.def
File: pd1enc.def 2023-07-08 v7.01b Hyperref: PDFDocEncoding definition (HO)
Now handling font encoding PD1 ...
... no UTF-8 mapping file for font encoding PD1
)
(C:\Users\User\AppData\Local\Programs\MiKTeX\tex/generic/intcalc\intcalc.sty
Package: intcalc 2019/12/15 v1.3 Expandable calculations with integers (HO)
)
\Hy@SavedSpaceFactor=\count285

(C:\Users\User\AppData\Local\Programs\MiKTeX\tex/latex/hyperref\puenc.def
File: puenc.def 2023-07-08 v7.01b Hyperref: PDF Unicode definition (HO)
Now handling font encoding PU ...
... no UTF-8 mapping file for font encoding PU
)
Package hyperref Info: Hyper figures OFF on input line 4167.
Package hyperref Info: Link nesting OFF on input line 4172.
Package hyperref Info: Hyper index ON on input line 4175.
Package hyperref Info: Plain pages OFF on input line 4182.
Package hyperref Info: Backreferencing OFF on input line 4187.
Package hyperref Info: Implicit mode ON; LaTeX internals redefined.
Package hyperref Info: Bookmarks ON on input line 4434.
\c@Hy@tempcnt=\count286

(C:\Users\User\AppData\Local\Programs\MiKTeX\tex/latex/url\url.sty
\Urlmuskip=\muskip17
Package: url 2013/09/16  ver 3.4  Verb mode for urls, etc.
)
LaTeX Info: Redefining \url on input line 4772.
\XeTeXLinkMargin=\dimen170

(C:\Users\User\AppData\Local\Programs\MiKTeX\tex/generic/bitset\bitset.sty
Package: bitset 2019/12/09 v1.3 Handle bit-vector datatype (HO)

(C:\Users\User\AppData\Local\Programs\MiKTeX\tex/generic/bigintcalc\bigintcalc.
sty
Package: bigintcalc 2019/12/15 v1.5 Expandable calculations on big integers (HO
)
))
\Fld@menulength=\count287
\Field@Width=\dimen171
\Fld@charsize=\dimen172
Package hyperref Info: Hyper figures OFF on input line 6051.
Package hyperref Info: Link nesting OFF on input line 6056.
Package hyperref Info: Hyper index ON on input line 6059.
Package hyperref Info: backreferencing OFF on input line 6066.
Package hyperref Info: Link coloring OFF on input line 6071.
Package hyperref Info: Link coloring with OCG OFF on input line 6076.
Package hyperref Info: PDF/A mode OFF on input line 6081.

(C:\Users\User\AppData\Local\Programs\MiKTeX\tex/latex/base\atbegshi-ltx.sty
Package: atbegshi-ltx 2021/01/10 v1.0c Emulation of the original atbegshi
package with kernel methods
)
\Hy@abspage=\count288
\c@Item=\count289
\c@Hfootnote=\count290
)
Package hyperref Info: Driver (autodetected): hpdftex.

(C:\Users\User\AppData\Local\Programs\MiKTeX\tex/latex/hyperref\hpdftex.def
File: hpdftex.def 2023-07-08 v7.01b Hyperref driver for pdfTeX

(C:\Users\User\AppData\Local\Programs\MiKTeX\tex/latex/base\atveryend-ltx.sty
Package: atveryend-ltx 2020/08/19 v1.0a Emulation of the original atveryend pac
kage
with kernel methods
)
\Fld@listcount=\count291
\c@bookmark@seq@number=\count292

(C:\Users\User\AppData\Local\Programs\MiKTeX\tex/latex/rerunfilecheck\rerunfile
check.sty
Package: rerunfilecheck 2022-07-10 v1.10 Rerun checks for auxiliary files (HO)

(C:\Users\User\AppData\Local\Programs\MiKTeX\tex/generic/uniquecounter\uniqueco
unter.sty
Package: uniquecounter 2019/12/15 v1.4 Provide unlimited unique counter (HO)
)
Package uniquecounter Info: New unique counter `rerunfilecheck' on input line 2
85.
)
\Hy@SectionHShift=\skip61
)
Package hyperref Info: Option `colorlinks' set `true' on input line 22.


LaTeX Warning: \include should only be used after \begin{document} on input lin
e 26.

(Definitions/definitions.tex
\speaker=\box55
)
(C:\Users\User\AppData\Local\Programs\MiKTeX\tex/latex/l3backend\l3backend-pdft
ex.def
File: l3backend-pdftex.def 2023-04-19 L3 backend support: PDF output (pdfTeX)
\l__color_backend_stack_int=\count293
\l__pdf_internal_box=\box56
) (thesis.aux (mainmatter/ch01/chapter01.aux)
(mainmatter/ch02/chapter02.aux

LaTeX Warning: Label `prop:adjointoperator' multiply defined.

) (mainmatter/ch03/chapter03.aux

LaTeX Warning: Label `ch:thisChapterLabel' multiply defined.

) (mainmatter/ch04/chapter04.aux

LaTeX Warning: Label `ch:thisChapterLabel' multiply defined.

) (mainmatter/ch05/chapter05.aux

LaTeX Warning: Label `ch:thisChapterLabel' multiply defined.

) (bibliography.aux))
\openout1 = `thesis.aux'.

LaTeX Font Info:    Checking defaults for OML/cmm/m/it on input line 33.
LaTeX Font Info:    ... okay on input line 33.
LaTeX Font Info:    Checking defaults for OMS/cmsy/m/n on input line 33.
LaTeX Font Info:    ... okay on input line 33.
LaTeX Font Info:    Checking defaults for OT1/cmr/m/n on input line 33.
LaTeX Font Info:    ... okay on input line 33.
LaTeX Font Info:    Checking defaults for T1/cmr/m/n on input line 33.
LaTeX Font Info:    ... okay on input line 33.
LaTeX Font Info:    Checking defaults for TS1/cmr/m/n on input line 33.
LaTeX Font Info:    ... okay on input line 33.
LaTeX Font Info:    Checking defaults for OMX/cmex/m/n on input line 33.
LaTeX Font Info:    ... okay on input line 33.
LaTeX Font Info:    Checking defaults for U/cmr/m/n on input line 33.
LaTeX Font Info:    ... okay on input line 33.
LaTeX Font Info:    Checking defaults for PD1/pdf/m/n on input line 33.
LaTeX Font Info:    ... okay on input line 33.
LaTeX Font Info:    Checking defaults for PU/pdf/m/n on input line 33.
LaTeX Font Info:    ... okay on input line 33.

*geometry* driver: auto-detecting
*geometry* detected driver: pdftex
*geometry* verbose mode - [ preamble ] result:
* driver: pdftex
* paper: letterpaper
* layout: <same size as paper>
* layoutoffset:(h,v)=(0.0pt,0.0pt)
* modes: 
* h-part:(L,W,R)=(72.26999pt, 469.75502pt, 72.26999pt)
* v-part:(T,H,B)=(72.26999pt, 650.43001pt, 72.26999pt)
* \paperwidth=614.295pt
* \paperheight=794.96999pt
* \textwidth=469.75502pt
* \textheight=650.43001pt
* \oddsidemargin=0.0pt
* \evensidemargin=0.0pt
* \topmargin=-31.8738pt
* \headheight=12.0pt
* \headsep=19.8738pt
* \topskip=12.0pt
* \footskip=30.0pt
* \marginparwidth=47.0pt
* \marginparsep=7.0pt
* \columnsep=10.0pt
* \skip\footins=10.8pt plus 4.0pt minus 2.0pt
* \hoffset=0.0pt
* \voffset=0.0pt
* \mag=1000
* \@twocolumnfalse
* \@twosidefalse
* \@mparswitchfalse
* \@reversemarginfalse
* (1in=72.27pt=25.4mm, 1cm=28.453pt)

(C:\Users\User\AppData\Local\Programs\MiKTeX\tex/latex/graphics\graphicx.sty
Package: graphicx 2021/09/16 v1.2d Enhanced LaTeX Graphics (DPC,SPQR)

(C:\Users\User\AppData\Local\Programs\MiKTeX\tex/latex/graphics\graphics.sty
Package: graphics 2022/03/10 v1.4e Standard LaTeX Graphics (DPC,SPQR)

(C:\Users\User\AppData\Local\Programs\MiKTeX\tex/latex/graphics\trig.sty
Package: trig 2021/08/11 v1.11 sin cos tan (DPC)
)
(C:\Users\User\AppData\Local\Programs\MiKTeX\tex/latex/graphics-cfg\graphics.cf
g
File: graphics.cfg 2016/06/04 v1.11 sample graphics configuration
)
Package graphics Info: Driver file: pdftex.def on input line 107.

(C:\Users\User\AppData\Local\Programs\MiKTeX\tex/latex/graphics-def\pdftex.def
File: pdftex.def 2022/09/22 v1.2b Graphics/color driver for pdftex

(C:\Users\User\AppData\Local\Programs\MiKTeX\tex/context/base/mkii\supp-pdf.mki
i
[Loading MPS to PDF converter (version 2006.09.02).]
\scratchcounter=\count294
\scratchdimen=\dimen173
\scratchbox=\box57
\nofMPsegments=\count295
\nofMParguments=\count296
\everyMPshowfont=\toks33
\MPscratchCnt=\count297
\MPscratchDim=\dimen174
\MPnumerator=\count298
\makeMPintoPDFobject=\count299
\everyMPtoPDFconversion=\toks34
)))
(C:\Users\User\AppData\Local\Programs\MiKTeX\tex/latex/epstopdf-pkg\epstopdf-ba
se.sty
Package: epstopdf-base 2020-01-24 v2.11 Base part for package epstopdf
Package epstopdf-base Info: Redefining graphics rule for `.eps' on input line 4
85.

(C:\Users\User\AppData\Local\Programs\MiKTeX\tex/latex/00miktex\epstopdf-sys.cf
g
File: epstopdf-sys.cfg 2021/03/18 v2.0 Configuration of epstopdf for MiKTeX
))
\Gin@req@height=\dimen175
\Gin@req@width=\dimen176
) (C:\Users\User\AppData\Local\Programs\MiKTeX\tex/latex/graphics\color.sty
Package: color 2022/01/06 v1.3d Standard LaTeX Color (DPC)

(C:\Users\User\AppData\Local\Programs\MiKTeX\tex/latex/graphics-cfg\color.cfg
File: color.cfg 2016/01/02 v1.6 sample color configuration
)
Package color Info: Driver file: pdftex.def on input line 149.

(C:\Users\User\AppData\Local\Programs\MiKTeX\tex/latex/graphics\mathcolor.ltx))
Package hyperref Info: Link coloring ON on input line 33.
(thesis.out) (thesis.out)
\@outlinefile=\write3
\openout3 = `thesis.out'.

\c@thm=\count300
LaTeX Font Info:    Trying to load font information for U+msa on input line 47.


(C:\Users\User\AppData\Local\Programs\MiKTeX\tex/latex/amsfonts\umsa.fd
File: umsa.fd 2013/01/14 v3.01 AMS symbols A
)
LaTeX Font Info:    Trying to load font information for U+msb on input line 47.


(C:\Users\User\AppData\Local\Programs\MiKTeX\tex/latex/amsfonts\umsb.fd
File: umsb.fd 2013/01/14 v3.01 AMS symbols B
)
[1



{C:/Users/User/AppData/Local/MiKTeX/fonts/map/pdftex/pdftex.map}] (thesis.toc
pdfTeX warning (ext4): destination with the same identifier (name{page.i}) has 
been already used, duplicate ignored
<to be read again> 
                   \relax 
l.32 ...ity And Fixed Point Theory}{70}{chapter.5}
                                                  % [1

])
\tf@toc=\write4
\openout4 = `thesis.toc'.

 [2] (thesis.lof)
\tf@lof=\write5
\openout5 = `thesis.lof'.


[3

] (thesis.lot)
\tf@lot=\write6
\openout6 = `thesis.lot'.

 [4

]
\openout2 = `./mainmatter/ch01/chapter01.aux'.

 (mainmatter/ch01/chapter01.tex
Chapter 1.
) [1



]
\openout2 = `./mainmatter/ch02/chapter02.aux'.

 (mainmatter/ch02/chapter02.tex
Chapter 2.

(mainmatter/ch02/Weak_Topologies_and_Dual_Spaces_Of_Seminormed_Spaces/Weak_Topo
logies_And_Dual_Spaces_Of_Seminormed_Spaces.tex
(Math/Definitions/ch02/TopologicalLatexDefinitions.tex)
(Math/Definitions/ch02/NeighborhoodFilter.tex)
(Math/Definitions/ch02/RelationOfEqualNeighborhoodFilters.tex)
(Math/Props/ch02/EqualNeighborhoodFiltersEquivalenceRelation.tex)
(Math/Definitions/ch02/EquivalenceClass.tex [2




])
(Math/Props/ch02/EquivalenceClassPartition.tex)
(Math/Definitions/ch02/QuotientSet.tex)
(Math/Remarks/ch02/QuotientSetPartition.tex)
(Math/Definitions/ch02/QuotientMap.tex)
(Math/Props/ch02/QuotientMapSurjective.tex [3])
(Math/Props/ch02/QuotientSpaceTopologyDefinition.tex)
(Math/Props/ch02/QuotientSpaceTopologyProp.tex [4] [5] [6])
(Math/Definitions/ch02/SymmetricMap.tex)
(MathDefinitions/ch02/TriangleInequality.tex)
(Math/Definitions/ch02/Pseudometric.tex)
(Math/Definitions/ch02/PseudometricCauchySequence.tex
Overfull \hbox (0.55792pt too wide) in paragraph at lines 7--22
[][]\OT1/cmr/bx/n/12 Definition 2.1.18 \OT1/cmr/m/n/12 (Pseu-do-met-ric Cauchy 
Se-quence)\OT1/cmr/bx/n/12 . []\OT1/cmr/m/it/12 Let $\OT1/cmr/m/n/12 (\OML/cmm/
m/it/12 X; d\OT1/cmr/m/n/12 )$ \OT1/cmr/m/it/12 be a  [][]\OT1/cmr/bx/n/12 Pseu
-do-met-ric Space[][]
 []

) (Math/Definitions/ch02/PseudometricSequenceConvergence.tex [7]
Overfull \hbox (7.57043pt too wide) in paragraph at lines 12--42
\OT1/cmr/m/n/12 Let $\OMS/cmsy/m/n/12 f\OML/cmm/m/it/12 x[]\OMS/cmsy/m/n/12 g[]
$ \OT1/cmr/m/n/12 be a se-quence in $(\OML/cmm/m/it/12 X; d\OT1/cmr/m/n/12 )$. 
Let $\OML/cmm/m/it/12 x[] \OMS/cmsy/m/n/12 2 \OML/cmm/m/it/12 X$\OT1/cmr/m/n/12
 . We say that $\OMS/cmsy/m/n/12 f\OML/cmm/m/it/12 x[]\OMS/cmsy/m/n/12 g[]$ \OT
1/cmr/m/n/12 ex-hibits  [][]\OT1/cmr/bx/n/12 Pseudometric-
 []

) (Math/Props/ch02/PseudometricSequenceConvergence.tex)
(Math/Definitions/ch02/UniformlyCauchy.tex)
(Math/Definitions/ch02/UniformlyConvergent.tex)
(Math/Props/ch02/UniformlyConvergent.tex [8])
(Math/Definitions/ch02/PseudometricComplete.tex)
(Math/Definitions/ch02/PseudometricBalls.tex)
(Math/Definitions/ch02/PseudometricTopology.tex)
(Math/Props/ch02/PseudometricTopologyProperties.tex [9])
(Math/Definitions/ch02/PseudometricElementEquivalence.tex)
(Math/Props/ch02/PseudometricElementEquivalence.tex [10])
(Math/Definitions/ch02/MetricSpaceInducedByPseudometric.tex)
(Math/Props/ch02/MetricSpaceInducedByPseudometric.tex [11] [12])
(Math/Definitions/ch02/Pseudometrizable.tex)
(Math/Props/ch02/PseudometrizablePrequotient.tex [13])
(Math/Definitions/ch02/TopologicalVectorSpace.tex)
(Math/Definitions/ch02/TVSBoundedSet.tex [14])
(Math/Definitions/ch02/SpaceOfBoundedLinearOperators.tex)
(Math/Props/ch02/BLOContinuous.tex) (Math/Definitions/ch02/Subadditive.tex)
(Math/Definitions/ch02/ScalarHomogeneous.tex)
(Math/Definitions/ch02/Seminorm.tex [15])
(Math/Props/ch02/SubadditiveInducesTriangleInequality.tex)
(Math/Definitions/ch02/SeminormTopology.tex)
(Math/Definitions/ch02/SeminormKernel.tex [16])
(Math/Props/ch02/SeminormKernel.tex)
(Math/Definitions/ch02/EquivalenceModKernel.tex [17])
(Math/Props/ch02/EquivalenceModKernelIsPseudometricEquivalence.tex)
(Math/Definitions/ch02/SeminormQuotient.tex)
(Math/Props/ch02/QuotientNormedSpace.tex [18] [19])
(Math/Remarks/ch02/QuotientNormedSpace.tex)
(Math/Props/ch02/QuotientsPreserveCompleteness.tex [20])
(Math/Definitions/ch02/SpaceOfContinuousLinearOperators.tex)
(Math/Props/ch02/SpaceOfContinuousLinearOperators.tex [21] [22]
Overfull \hbox (16.98431pt too wide) in paragraph at lines 109--115
[]\OT1/cmr/m/n/12 If we de-fine, for $\OML/cmm/m/it/12 T \OMS/cmsy/m/n/12 2 \OM
L/cmm/m/it/12 BL\OT1/cmr/m/n/12 (\OML/cmm/m/it/12 X; Y\OT1/cmr/m/n/12 )$, $\OML
/cmm/m/it/12 f\OT1/cmr/m/n/12 (\OML/cmm/m/it/12 T\OT1/cmr/m/n/12 ) = [] []$, th
en since $[][] ((0\OML/cmm/m/it/12 ; \OT1/cmr/m/n/12 )) \OMS/cmsy/m/n/12 ^^Z
 []

[23] [24] [25] [26]) (Math/Definitions/ch02/HandedQuotientOperators.tex)
(Math/Props/ch02/HandedQuotientOperators.tex
Overfull \hbox (1.5653pt too wide) in paragraph at lines 3--8
[][]\OT1/cmr/bx/n/12 Proposition 2.1.58 \OT1/cmr/m/n/12 (Codomain Quo-tient Op-
er-a-tor)\OT1/cmr/bx/n/12 . []\OT1/cmr/m/it/12 Let X and Y be  [][]\OT1/cmr/bx/
n/12 Semi-normed Spaces[][]
 []

[27]) (Math/Definitions/ch02/QuotientOperator.tex)
(Math/Props/ch02/QuotientOperator.tex [28])
(Math/Definitions/ch02/CanonicalIsomorphismOfQuotientSpaceOfOperators.tex)
(Math/Props/ch02/CanonicalIsomorphismOfQuotientSpaceOfOperators.tex [29])
(Math/Definitions/ch02/TopologicalDualOfSeminormedSpace.tex
Overfull \hbox (47.55653pt too wide) in paragraph at lines 27--33
[]\OT1/cmr/m/n/12 Also, $\OML/cmm/m/it/12 q \OT1/cmr/m/n/12 : \U/msb/m/n/12 F \
OMS/cmsy/m/n/12 ! \U/msb/m/n/12 F\OML/cmm/m/it/12 =\OMS/cmsy/m/n/12 K[]$ \OT1/c
mr/m/n/12 is a lin-ear bi-jec-tive isom-e-try by [][]2.1.51[][], so if $\OML/cm
m/m/it/12 Q \OT1/cmr/m/n/12 : \OML/cmm/m/it/12 X[] \OMS/cmsy/m/n/12 ! \OML/cmm/
m/it/12 BL\OT1/cmr/m/n/12 (\OML/cmm/m/it/12 X=\OMS/cmsy/m/n/12 K[]\OML/cmm/m/it
/12 ; \U/msb/m/n/12 F\OML/cmm/m/it/12 =\OMS/cmsy/m/n/12 K[]\OT1/cmr/m/n/12 )$
 []

) (Math/Definitions/ch02/TopologicalDualSpace.tex)
(Math/Theorems/ch02/TopologicalDualSpaceIsomorphism.tex [30])
(Math/Theorems/ch02/HahnBanachSeminormed.tex [31])
(Math/Remarks/ch02/LinearOperationNotation.tex [32])
(Math/Definitions/ch02/AdjointOperator.tex)
(Math/Props/ch02/AdjointOperator.tex [33])
(Math/Definitions/ch02/HigherOrderDualSpaces.tex [34])
(Math/Definitions/ch02/HigherOrderDualSpaceIsomorphism.tex)
(Math/Definitions/ch02/CanonicalEmbedding.tex)
(Math/Props/ch02/CanonicalEmbedding.tex [35] [36]))
(mainmatter/ch02/Classical_Results_With_A_Twist/Classical_Results_With_A_Twist.
tex

LaTeX Warning: Reference `prop:seminormlinearoperators' on page 37 undefined on
 input line 4.

[37] [38] [39] [40] [41] [42]

LaTeX Warning: Reference `prop:pseudometricembedding' on page 43 undefined on i
nput line 250.

[43]
Overfull \hbox (96.12717pt too wide) in paragraph at lines 272--274
[]$\OT1/cmr/m/n/12 . Hence, given $\OML/cmm/m/it/12 ^^O > \OT1/cmr/m/n/12 0$, t
here ex-ists $\OML/cmm/m/it/12 N > \OT1/cmr/m/n/12 0$ such that for $\OML/cmm/m
/it/12 n > N$ \OT1/cmr/m/n/12 we have $\OML/cmm/m/it/12 max [] <
 []


Overfull \hbox (6.40353pt too wide) in paragraph at lines 282--284
[]\OT1/cmr/m/n/12 (2) By def-i-ni-tion of the norm on $\OML/cmm/m/it/12 X[]$\OT
1/cmr/m/n/12 , there is an $\OML/cmm/m/it/12 x \OMS/cmsy/m/n/12 2 []$ \OT1/cmr/
m/n/12 such that $2\OML/cmm/m/it/12 = [] <
 []

[44] [45]) (mainmatter/ch02/Reflexivity/Reflexivity.tex [46] [47] [48] [49]
Overfull \hbox (11.55055pt too wide) in paragraph at lines 135--137
\OML/cmm/m/it/12 CoLim\OMS/cmsy/m/n/12 f\OML/cmm/m/it/12 ^^^[]\OMS/cmsy/m/n/12 
g[]$\OT1/cmr/m/n/12 , we ex-tract a sub-se-quence $\OMS/cmsy/m/n/12 f\OML/cmm/m
/it/12 x[]\OMS/cmsy/m/n/12 g[]$ \OT1/cmr/m/n/12 of $\OMS/cmsy/m/n/12 f\OML/cmm/
m/it/12 ^^^[]\OMS/cmsy/m/n/12 g[]$ \OT1/cmr/m/n/12 so that for any $\OML/cmm/m/
it/12 w \OMS/cmsy/m/n/12 2 \OML/cmm/m/it/12 CoLim\OMS/cmsy/m/n/12 f\OML/cmm/m/i
t/12 x[]\OMS/cmsy/m/n/12 g[]$\OT1/cmr/m/n/12 ,
 []

[50] [51]
Overfull \hbox (22.11562pt too wide) in paragraph at lines 206--207
[]\OT1/cmr/m/it/12 For ev-ery $\OML/cmm/m/it/12  \OMS/cmsy/m/n/12 2 \OT1/cmr/m
/n/12 (0\OML/cmm/m/it/12 ; \OT1/cmr/m/n/12 1)$ \OT1/cmr/m/it/12 there is some s
e-quence $\OMS/cmsy/m/n/12 f\OML/cmm/m/it/12 x[]\OMS/cmsy/m/n/12 g[] ^^Z []$ \O
T1/cmr/m/it/12 sat-is-fy-ing $\OML/cmm/m/it/12 d [] \OMS/cmsy/m/n/12 ^^U
 []

[52] [53] [54])
(mainmatter/ch02/Convexity_Of_Functions_And_Sets/Convexity_Of_Functions_And_Set
s.tex [55] [56] [57] [58])
(mainmatter/ch02/Differentiation_And_Subdifferentials/Differentiation_And_Subdi
fferentials.tex
Overfull \hbox (3.27159pt too wide) in paragraph at lines 12--13
[]\OT1/cmr/m/n/12 If $\OML/cmm/m/it/12 f$ \OT1/cmr/m/n/12 is dif-fer-en-tiable 
at $\OML/cmm/m/it/12 x[]$ \OT1/cmr/m/n/12 in the di-rec-tion of $\OMS/cmsy/m/n/
12 ^^@\OML/cmm/m/it/12 y$\OT1/cmr/m/n/12 , then we de-note $\OML/cmm/m/it/12 f[
]\OT1/cmr/m/n/12 (\OML/cmm/m/it/12 x[]; y\OT1/cmr/m/n/12 ) := \OMS/cmsy/m/n/12 
^^@\OML/cmm/m/it/12 f[]\OT1/cmr/m/n/12 (\OML/cmm/m/it/12 x; \OMS/cmsy/m/n/12 ^^
@\OML/cmm/m/it/12 y\OT1/cmr/m/n/12 )$. 
 []

[59])
(mainmatter/ch02/Normalized_Duality_Mapping/Normalized_Duality_Mapping.tex
[60]) (mainmatter/ch02/Orthogonality/Orthogonality.tex [61])
(mainmatter/ch02/Convexity_Of_A_Space/Convexity_Of_A_Space.tex [62] [63])
(mainmatter/ch02/Smoothness_Of_A_Space/Smoothness_Of_A_Space.tex [64] [65]))
[66]
\openout2 = `./mainmatter/ch03/chapter03.aux'.

 (mainmatter/ch03/chapter03.tex
Chapter 3.
[67




]) [68]
\openout2 = `./mainmatter/ch04/chapter04.aux'.

 (mainmatter/ch04/chapter04.tex
Chapter 4.

Overfull \hbox (3.40268pt too wide) in paragraph at lines 7--7
[]\OT1/cmr/bx/n/17.28 Local Uni-form Con-vex-afi-a-bil-ity Of Re-flex-ive Space
s 
 []

) [69




]
\openout2 = `./mainmatter/ch05/chapter05.aux'.

 (mainmatter/ch05/chapter05.tex
Chapter 5.
) [70




]
\openout2 = `./bibliography.aux'.

 (bibliography.tex (thesis.bbl)) [71





] (thesis.aux
(mainmatter/ch01/chapter01.aux) (mainmatter/ch02/chapter02.aux)
(mainmatter/ch03/chapter03.aux) (mainmatter/ch04/chapter04.aux)
(mainmatter/ch05/chapter05.aux) (bibliography.aux))
 ***********
LaTeX2e <2023-06-01> patch level 1
L3 programming layer <2023-08-29>
 ***********


LaTeX Warning: There were undefined references.


LaTeX Warning: There were multiply-defined labels.


Package rerunfilecheck Warning: File `thesis.out' has changed.
(rerunfilecheck)                Rerun to get outlines right
(rerunfilecheck)                or use package `bookmark'.

Package rerunfilecheck Info: Checksums for `thesis.out':
(rerunfilecheck)             Before: BD84D67FF1B2AF2FA1DD45580A4BA0F7;5913
(rerunfilecheck)             After:  D33336C76D85BF31894E6D143B02A56C;6321.
 ) 
Here is how much of TeX's memory you used:
 12990 strings out of 475247
 228033 string characters out of 5758264
 1948785 words of memory out of 5000000
 33383 multiletter control sequences out of 15000+600000
 568758 words of font info for 76 fonts, out of 8000000 for 9000
 1141 hyphenation exceptions out of 8191
 75i,20n,79p,1127b,891s stack positions out of 10000i,1000n,20000p,200000b,200000s
<C:/Users/User/AppData/Local/Programs/MiKTeX/fonts/type1/public/amsfonts/cm/c
mbx12.pfb><C:/Users/User/AppData/Local/Programs/MiKTeX/fonts/type1/public/amsfo
nts/cm/cmex10.pfb><C:/Users/User/AppData/Local/Programs/MiKTeX/fonts/type1/publ
ic/amsfonts/cmextra/cmex8.pfb><C:/Users/User/AppData/Local/Programs/MiKTeX/font
s/type1/public/amsfonts/cm/cmmi12.pfb><C:/Users/User/AppData/Local/Programs/MiK
TeX/fonts/type1/public/amsfonts/cm/cmmi6.pfb><C:/Users/User/AppData/Local/Progr
ams/MiKTeX/fonts/type1/public/amsfonts/cm/cmmi8.pfb><C:/Users/User/AppData/Loca
l/Programs/MiKTeX/fonts/type1/public/amsfonts/cm/cmr12.pfb><C:/Users/User/AppDa
ta/Local/Programs/MiKTeX/fonts/type1/public/amsfonts/cm/cmr17.pfb><C:/Users/Use
r/AppData/Local/Programs/MiKTeX/fonts/type1/public/amsfonts/cm/cmr6.pfb><C:/Use
rs/User/AppData/Local/Programs/MiKTeX/fonts/type1/public/amsfonts/cm/cmr8.pfb><
C:/Users/User/AppData/Local/Programs/MiKTeX/fonts/type1/public/amsfonts/cm/cmsl
12.pfb><C:/Users/User/AppData/Local/Programs/MiKTeX/fonts/type1/public/amsfonts
/cm/cmsy10.pfb><C:/Users/User/AppData/Local/Programs/MiKTeX/fonts/type1/public/
amsfonts/cm/cmsy6.pfb><C:/Users/User/AppData/Local/Programs/MiKTeX/fonts/type1/
public/amsfonts/cm/cmsy8.pfb><C:/Users/User/AppData/Local/Programs/MiKTeX/fonts
/type1/public/amsfonts/cm/cmti12.pfb><C:/Users/User/AppData/Local/Programs/MiKT
eX/fonts/type1/public/amsfonts/symbols/msam10.pfb><C:/Users/User/AppData/Local/
Programs/MiKTeX/fonts/type1/public/amsfonts/symbols/msbm10.pfb><C:/Users/User/A
ppData/Local/Programs/MiKTeX/fonts/type1/public/amsfonts/symbols/msbm7.pfb>
Output written on thesis.pdf (76 pages, 714335 bytes).
PDF statistics:
 1790 PDF objects out of 2073 (max. 8388607)
 677 named destinations out of 1000 (max. 500000)
 257 words of extra memory for PDF output out of 10000 (max. 10000000)

